<?xml version="1.0" encoding="UTF-8"?>
<!-- Generated by org.testng.reporters.JUnitReportReporter -->
<testsuite hostname="MacBook-Pro-16-inch-2021.local" failures="0" tests="3" name="amazonEcom.tests.ErrorValidation" time="18.772" errors="0" timestamp="2023-10-04T20:11:16 GST" skipped="0">
  <testcase classname="amazonEcom.tests.ErrorValidation" name="UserError" time="6.209"/>
  <system-out/>
  <testcase classname="amazonEcom.tests.ErrorValidation" name="UserError" time="6.282"/>
  <system-out/>
  <testcase classname="amazonEcom.tests.ErrorValidation" name="UserError" time="6.281"/>
  <system-out/>
</testsuite> <!-- amazonEcom.tests.ErrorValidation -->
